{"level":"info","message":"Incoming request: POST /api/users/profile","timestamp":"2026-02-18T09:34:09.071Z"}
{"level":"info","message":"Incoming request: POST /api/auth/login","timestamp":"2026-02-18T09:35:33.816Z"}
{"level":"info","message":"Incoming request: POST /api/users/profile","timestamp":"2026-02-18T09:40:40.532Z"}
{"level":"info","message":"Incoming request: POST /api/users/profile","timestamp":"2026-02-18T09:43:03.044Z"}
{"level":"info","message":"Incoming request: POST /api/users/profile","timestamp":"2026-02-18T09:43:27.166Z"}
{"level":"info","message":"Incoming request: POST /api/users/profile","timestamp":"2026-02-18T09:45:33.509Z"}
{"level":"info","message":"Incoming request: POST /api/users/profile","timestamp":"2026-02-18T09:53:00.227Z"}
{"level":"info","message":"Incoming request: POST /api/auth/login","timestamp":"2026-02-18T09:54:16.130Z"}
{"level":"info","message":"Incoming request: POST /api/auth/login","timestamp":"2026-02-18T09:58:28.959Z"}
{"level":"info","message":"Incoming request: POST /api/users/profile","timestamp":"2026-02-18T09:58:58.080Z"}
{"level":"info","message":"Incoming request: POST /api/users/profile","timestamp":"2026-02-18T09:59:54.022Z"}
{"level":"info","message":"Incoming request: POST /api/users/profile","timestamp":"2026-02-18T10:03:05.286Z"}
{"level":"info","message":"Incoming request: POST /api/users/profile","timestamp":"2026-02-18T10:04:33.000Z"}
{"level":"info","message":"Incoming request: POST /api/users/profile","timestamp":"2026-02-18T10:04:40.646Z"}
{"level":"info","message":"Incoming request: POST /api/users/profile","timestamp":"2026-02-18T10:06:10.002Z"}
{"level":"info","message":"Incoming request: POST /api/users/profile","timestamp":"2026-02-18T10:07:23.292Z"}
{"level":"info","message":"Incoming request: GET /api/users/profile","timestamp":"2026-02-18T10:08:46.571Z"}
{"level":"info","message":"Incoming request: POST /api/users/profile","timestamp":"2026-02-18T10:11:44.781Z"}
{"level":"info","message":"Incoming request: POST /api/auth/login","timestamp":"2026-02-18T10:11:48.620Z"}
{"level":"info","message":"Incoming request: POST /api/auth/login","timestamp":"2026-02-18T10:12:19.045Z"}
{"level":"info","message":"Incoming request: POST /api/auth/login","timestamp":"2026-02-18T10:12:19.762Z"}
{"level":"info","message":"Incoming request: POST /api/auth/login","timestamp":"2026-02-18T10:12:20.635Z"}
{"level":"info","message":"Incoming request: POST /api/auth/login","timestamp":"2026-02-18T10:12:21.696Z"}
{"level":"info","message":"Incoming request: POST /api/auth/login","timestamp":"2026-02-18T10:13:35.654Z"}
{"level":"info","message":"Incoming request: POST /api/users/profile","timestamp":"2026-02-18T10:14:03.987Z"}
{"level":"info","message":"Incoming request: POST /api/users/profile","timestamp":"2026-02-18T10:15:06.937Z"}
{"level":"info","message":"Incoming request: POST /api/users/profile","timestamp":"2026-02-18T10:21:12.947Z"}
{"level":"info","message":"Incoming request: GET /api/users/profile","timestamp":"2026-02-18T10:22:29.944Z"}
{"level":"info","message":"Incoming request: GET /api/users/profile","timestamp":"2026-02-18T10:22:42.971Z"}
{"level":"info","message":"Incoming request: GET /api/users/address","timestamp":"2026-02-18T10:24:14.981Z"}
{"level":"info","message":"Incoming request: POST /api/users/address","timestamp":"2026-02-18T10:24:24.416Z"}
{"level":"info","message":"Incoming request: POST /api/users/address","timestamp":"2026-02-18T10:25:04.685Z"}
{"level":"info","message":"Incoming request: POST /api/users/address","timestamp":"2026-02-18T10:25:25.206Z"}
{"level":"info","message":"Incoming request: POST /api/users/address","timestamp":"2026-02-18T10:27:31.822Z"}
{"level":"info","message":"Incoming request: POST /api/users/address","timestamp":"2026-02-18T10:27:37.812Z"}
{"level":"info","message":"Incoming request: POST /api/users/address","timestamp":"2026-02-19T06:49:50.414Z"}
{"level":"info","message":"Incoming request: POST /api/auth/login","timestamp":"2026-02-19T08:55:56.223Z"}
{"level":"info","message":"Incoming request: POST /api/products","timestamp":"2026-02-19T08:57:30.958Z"}
{"level":"info","message":"Incoming request: POST /api/products","timestamp":"2026-02-19T08:58:57.698Z"}
{"level":"info","message":"Incoming request: GET /api/products","timestamp":"2026-02-19T09:00:29.620Z"}
{"level":"info","message":"Incoming request: GET /api/products?minPrice=100&maxPrice=150","timestamp":"2026-02-19T09:01:19.586Z"}
{"level":"info","message":"Incoming request: GET /api/products?minPrice=100&maxPrice=1000","timestamp":"2026-02-19T09:01:24.452Z"}
{"level":"info","message":"Incoming request: GET /api/products/fc0b7c6e-98d2-47d0-bf00-a96bd0401486","timestamp":"2026-02-19T09:03:05.766Z"}
{"level":"info","message":"Incoming request: PUT /api/products/fc0b7c6e-98d2-47d0-bf00-a96bd0401486","timestamp":"2026-02-19T09:07:40.987Z"}
{"level":"info","message":"Incoming request: PUT /api/products/fc0b7c6e-98d2-47d0-bf00-a96bd0401486","timestamp":"2026-02-19T09:07:59.627Z"}
{"level":"info","message":"Incoming request: GET /api/products/fc0b7c6e-98d2-47d0-bf00-a96bd0401486","timestamp":"2026-02-19T09:08:06.773Z"}
{"level":"info","message":"Incoming request: POST /api/auth/login","timestamp":"2026-02-19T09:09:23.573Z"}
{"level":"info","message":"Incoming request: POST /api/auth/login","timestamp":"2026-02-19T09:09:30.568Z"}
{"level":"info","message":"Incoming request: PUT /api/products/fc0b7c6e-98d2-47d0-bf00-a96bd0401486","timestamp":"2026-02-19T09:09:43.845Z"}
{"level":"info","message":"Incoming request: GET /api/products?minPrice=100&maxPrice=1000","timestamp":"2026-02-19T09:25:10.180Z"}
{"level":"info","message":"Incoming request: GET /api/products?minPrice=100&maxPrice=1000","timestamp":"2026-02-19T09:25:22.172Z"}
{"level":"info","message":"Incoming request: GET /api/products","timestamp":"2026-02-19T09:25:48.565Z"}
{"level":"info","message":"Incoming request: GET /api/products?page=2","timestamp":"2026-02-19T09:26:36.572Z"}
{"level":"info","message":"Incoming request: GET /api/products?page=3","timestamp":"2026-02-19T09:26:44.006Z"}
{"level":"info","message":"Incoming request: GET /api/products?search=nike","timestamp":"2026-02-19T09:28:14.159Z"}
{"level":"info","message":"Incoming request: GET /api/products?search=iphone","timestamp":"2026-02-19T09:28:22.875Z"}
{"level":"info","message":"Incoming request: GET /api/products?search=ipho","timestamp":"2026-02-19T09:28:28.531Z"}
{"level":"info","message":"Incoming request: GET /api/products?search=pro","timestamp":"2026-02-19T09:28:51.064Z"}
{"level":"info","message":"Incoming request: POST /api/auth/login","timestamp":"2026-02-20T04:05:15.156Z"}
{"level":"info","message":"Incoming request: GET /api/cart","timestamp":"2026-02-20T04:06:04.716Z"}
{"level":"info","message":"Incoming request: GET /api/cart","timestamp":"2026-02-20T04:06:12.284Z"}
{"level":"info","message":"Incoming request: GET /api/cart","timestamp":"2026-02-20T04:06:22.542Z"}
{"level":"info","message":"Incoming request: POST /api/cart/add","timestamp":"2026-02-20T04:08:28.174Z"}
{"level":"info","message":"Incoming request: GET /api/cart","timestamp":"2026-02-20T04:08:38.576Z"}
{"level":"info","message":"Incoming request: GET /api/users/profile","timestamp":"2026-02-20T04:10:09.456Z"}
{"level":"info","message":"Incoming request: PUT /api/cart/update","timestamp":"2026-02-20T04:13:08.583Z"}
{"level":"info","message":"Incoming request: GET /api/cart","timestamp":"2026-02-20T04:13:13.202Z"}
{"level":"info","message":"Incoming request: POST /api/cart/add","timestamp":"2026-02-20T04:19:05.535Z"}
{"level":"info","message":"Incoming request: DELETE /api/cart/item/92a12bd2-0c85-4861-b6a0-2fb144f51f","timestamp":"2026-02-20T04:20:26.628Z"}
{"level":"info","message":"Incoming request: DELETE /api/cart/item/92a12bd2-0c85-4861-b6a0-2fb144f51f","timestamp":"2026-02-20T04:20:31.821Z"}
{"level":"info","message":"Incoming request: DELETE /api/cart/item/92a12bd2-0c85-4861-b6a0-2fb144f51f","timestamp":"2026-02-20T04:22:05.385Z"}
{"level":"info","message":"Incoming request: DELETE /api/cart/item/92a12bd2-0c85-4861-b6a0-2fb144f51f","timestamp":"2026-02-20T04:22:06.697Z"}
{"level":"info","message":"Incoming request: DELETE /api/cart/item/92a12bd2-0","timestamp":"2026-02-20T04:22:55.355Z"}
{"level":"info","message":"Incoming request: DELETE /api/cart/item/92a12bd2-0c85-4861-b6a0-2fb144f51fde","timestamp":"2026-02-20T04:23:04.577Z"}
{"level":"info","message":"Incoming request: DELETE /api/cart/clear","timestamp":"2026-02-20T04:23:58.436Z"}
{"level":"info","message":"Incoming request: GET /api/cart","timestamp":"2026-02-20T04:24:04.317Z"}
{"level":"info","message":"Incoming request: DELETE /api/cart/item/92a12bd2-0c85-4861-b6","timestamp":"2026-02-20T04:26:47.620Z"}
{"level":"info","message":"Incoming request: POST /api/cart/add","timestamp":"2026-02-20T04:27:01.820Z"}
{"level":"info","message":"Incoming request: DELETE /api/cart/item/92a12bd2-0c85-4861-b6","timestamp":"2026-02-20T04:27:05.872Z"}
{"level":"info","message":"Incoming request: GET /api/cart","timestamp":"2026-02-20T09:00:21.763Z"}
{"level":"info","message":"Incoming request: POST /api/auth/login","timestamp":"2026-02-20T09:05:15.120Z"}
{"level":"info","message":"Incoming request: GET /api/cart","timestamp":"2026-02-20T09:05:25.601Z"}
{"level":"info","message":"Incoming request: POST /api/cart/add","timestamp":"2026-02-20T09:06:47.655Z"}
{"level":"info","message":"Incoming request: POST /api/cart/add","timestamp":"2026-02-20T09:07:04.555Z"}
{"level":"info","message":"Incoming request: GET /api/cart","timestamp":"2026-02-20T09:07:22.941Z"}
{"level":"info","message":"Incoming request: POST /api/orders","timestamp":"2026-02-20T09:11:04.183Z"}
{"level":"info","message":"Incoming request: GET /api/cart","timestamp":"2026-02-20T09:21:22.922Z"}
{"level":"info","message":"Incoming request: POST /api/orders","timestamp":"2026-02-20T09:21:27.441Z"}
{"level":"info","message":"Incoming request: POST /api/orders","timestamp":"2026-02-20T09:21:34.007Z"}
{"level":"info","message":"Incoming request: POST /api/orders","timestamp":"2026-02-20T09:25:50.082Z"}
{"level":"info","message":"Incoming request: GET /api/cart","timestamp":"2026-02-20T09:26:08.654Z"}
{"level":"info","message":"Incoming request: GET /api/orders/my","timestamp":"2026-02-20T09:33:23.680Z"}
{"level":"info","message":"Incoming request: GET /api/orders/10624e14-50f2-4ba1-b312-53f63aa4c1ea","timestamp":"2026-02-20T09:34:33.928Z"}
{"level":"info","message":"Incoming request: POST /api/auth/login","timestamp":"2026-02-20T09:35:15.853Z"}
{"level":"info","message":"Incoming request: GET /api/orders","timestamp":"2026-02-20T09:35:34.135Z"}
{"level":"info","message":"Incoming request: GET /api/orders/10624e14-50f2-4ba1-b312-53f63aa4c1ea","timestamp":"2026-02-20T09:36:33.146Z"}
{"level":"info","message":"Incoming request: GET /api/orders/my","timestamp":"2026-02-20T09:36:46.375Z"}
{"level":"info","message":"Incoming request: PATCH /api/orders/status10624e14-50f2-4ba1-b312-53f63aa4c1ea","timestamp":"2026-02-20T09:39:09.514Z"}
{"level":"info","message":"Incoming request: PATCH /api/orders/10624e14-50f2-4ba1-b312-53f63aa4c1ea/status","timestamp":"2026-02-20T09:40:01.421Z"}
{"level":"info","message":"Incoming request: GET /api/orders/my","timestamp":"2026-02-20T09:40:14.564Z"}
{"level":"info","message":"Incoming request: PATCH /api/orders/74e08626-b4a1-4d20-9f6f-d428b12cfec7/status","timestamp":"2026-02-20T09:44:47.079Z"}
{"level":"info","message":"Incoming request: GET /api/orders/10624e14-50f2-4ba1-b312-53f63aa4c1ea","timestamp":"2026-02-20T09:44:53.691Z"}
{"level":"info","message":"Incoming request: GET /api/orders/my","timestamp":"2026-02-20T09:45:02.019Z"}
{"level":"info","message":"Incoming request: GET /api/cart","timestamp":"2026-02-20T09:46:22.294Z"}
{"level":"info","message":"Incoming request: POST /api/cart/add","timestamp":"2026-02-20T09:47:43.821Z"}
{"level":"info","message":"Incoming request: GET /api/cart","timestamp":"2026-02-20T09:47:51.681Z"}
{"level":"info","message":"Incoming request: POST /api/cart/add","timestamp":"2026-02-20T09:48:30.956Z"}
{"level":"info","message":"Incoming request: PUT /api/cart/update","timestamp":"2026-02-20T09:49:00.894Z"}
{"level":"info","message":"Incoming request: PUT /api/cart/update","timestamp":"2026-02-20T09:49:25.691Z"}
{"level":"info","message":"Incoming request: PUT /api/cart/update","timestamp":"2026-02-20T09:49:26.946Z"}
{"level":"info","message":"Incoming request: GET /api/cart","timestamp":"2026-02-20T09:49:35.458Z"}
{"level":"info","message":"Incoming request: PUT /api/cart/update","timestamp":"2026-02-20T09:49:47.143Z"}
{"level":"info","message":"Incoming request: POST /api/orders","timestamp":"2026-02-20T09:50:29.984Z"}
{"level":"info","message":"Incoming request: GET /api/orders/my","timestamp":"2026-02-20T09:50:37.896Z"}
{"level":"info","message":"Incoming request: PATCH /api/orders/fe8994b2-fec1-48d9-9bd5-cc6374b27893/status","timestamp":"2026-02-20T09:52:21.208Z"}
{"level":"info","message":"Incoming request: GET /api/orders/my","timestamp":"2026-02-20T09:52:30.189Z"}
{"level":"info","message":"Incoming request: GET /api/orders","timestamp":"2026-02-20T09:52:37.472Z"}
